{"/home/gabriel/Documentos/cursos/fatec/qa/tdd-jokenpo/src/index.ts": {"path":"/home/gabriel/Documentos/cursos/fatec/qa/tdd-jokenpo/src/index.ts","statementMap":{"0":{"start":{"line":1,"column":0},"end":{"line":1,"column":37}},"1":{"start":{"line":2,"column":0},"end":{"line":2,"column":32}},"2":{"start":{"line":4,"column":15},"end":{"line":4,"column":27}},"3":{"start":{"line":6,"column":22},"end":{"line":6,"column":25}},"4":{"start":{"line":7,"column":0},"end":{"line":13,"column":null}},"5":{"start":{"line":8,"column":2},"end":{"line":8,"column":61}},"6":{"start":{"line":9,"column":18},"end":{"line":9,"column":73}},"7":{"start":{"line":10,"column":18},"end":{"line":10,"column":73}},"8":{"start":{"line":11,"column":2},"end":{"line":11,"column":71}},"9":{"start":{"line":12,"column":2},"end":{"line":12,"column":48}},"10":{"start":{"line":14,"column":0},"end":{"line":14,"column":59}},"11":{"start":{"line":15,"column":0},"end":{"line":15,"column":38}}},"fnMap":{},"branchMap":{},"s":{"0":0,"1":0,"2":0,"3":0,"4":0,"5":0,"6":0,"7":0,"8":0,"9":0,"10":0,"11":0},"f":{},"b":{}}
,"/home/gabriel/Documentos/cursos/fatec/qa/tdd-jokenpo/src/jokenpo.ts": {"path":"/home/gabriel/Documentos/cursos/fatec/qa/tdd-jokenpo/src/jokenpo.ts","statementMap":{"0":{"start":{"line":1,"column":0},"end":{"line":1,"column":54}},"1":{"start":{"line":4,"column":18},"end":{"line":4,"column":47}},"2":{"start":{"line":5,"column":25},"end":{"line":5,"column":43}},"3":{"start":{"line":7,"column":2},"end":{"line":7,"column":109}},"4":{"start":{"line":7,"column":88},"end":{"line":7,"column":109}},"5":{"start":{"line":9,"column":2},"end":{"line":9,"column":40}},"6":{"start":{"line":9,"column":26},"end":{"line":9,"column":40}},"7":{"start":{"line":11,"column":2},"end":{"line":11,"column":127}},"8":{"start":{"line":11,"column":104},"end":{"line":11,"column":127}},"9":{"start":{"line":13,"column":2},"end":{"line":13,"column":129}},"10":{"start":{"line":13,"column":104},"end":{"line":13,"column":129}},"11":{"start":{"line":15,"column":2},"end":{"line":15,"column":125}},"12":{"start":{"line":15,"column":102},"end":{"line":15,"column":125}},"13":{"start":{"line":3,"column":0},"end":{"line":3,"column":24}}},"fnMap":{"0":{"name":"jokenpo","decl":{"start":{"line":3,"column":24},"end":{"line":3,"column":31}},"loc":{"start":{"line":3,"column":64},"end":{"line":16,"column":1}}}},"branchMap":{"0":{"loc":{"start":{"line":7,"column":2},"end":{"line":7,"column":109}},"type":"if","locations":[{"start":{"line":7,"column":2},"end":{"line":7,"column":109}}]},"1":{"loc":{"start":{"line":7,"column":6},"end":{"line":7,"column":86}},"type":"binary-expr","locations":[{"start":{"line":7,"column":6},"end":{"line":7,"column":44}},{"start":{"line":7,"column":48},"end":{"line":7,"column":86}}]},"2":{"loc":{"start":{"line":9,"column":2},"end":{"line":9,"column":40}},"type":"if","locations":[{"start":{"line":9,"column":2},"end":{"line":9,"column":40}}]},"3":{"loc":{"start":{"line":11,"column":2},"end":{"line":11,"column":127}},"type":"if","locations":[{"start":{"line":11,"column":2},"end":{"line":11,"column":127}}]},"4":{"loc":{"start":{"line":11,"column":6},"end":{"line":11,"column":102}},"type":"binary-expr","locations":[{"start":{"line":11,"column":6},"end":{"line":11,"column":51}},{"start":{"line":11,"column":55},"end":{"line":11,"column":102}}]},"5":{"loc":{"start":{"line":13,"column":2},"end":{"line":13,"column":129}},"type":"if","locations":[{"start":{"line":13,"column":2},"end":{"line":13,"column":129}}]},"6":{"loc":{"start":{"line":13,"column":6},"end":{"line":13,"column":102}},"type":"binary-expr","locations":[{"start":{"line":13,"column":6},"end":{"line":13,"column":53}},{"start":{"line":13,"column":57},"end":{"line":13,"column":102}}]},"7":{"loc":{"start":{"line":15,"column":2},"end":{"line":15,"column":125}},"type":"if","locations":[{"start":{"line":15,"column":2},"end":{"line":15,"column":125}}]},"8":{"loc":{"start":{"line":15,"column":6},"end":{"line":15,"column":100}},"type":"binary-expr","locations":[{"start":{"line":15,"column":6},"end":{"line":15,"column":51}},{"start":{"line":15,"column":55},"end":{"line":15,"column":100}}]}},"s":{"0":1,"1":6,"2":6,"3":6,"4":1,"5":5,"6":2,"7":3,"8":1,"9":2,"10":1,"11":1,"12":1,"13":1},"f":{"0":6},"b":{"0":[1],"1":[6,6],"2":[2],"3":[1],"4":[3,2],"5":[1],"6":[2,1],"7":[1],"8":[1,1]}}
,"/home/gabriel/Documentos/cursos/fatec/qa/tdd-jokenpo/src/utils/checkOccurrence.ts": {"path":"/home/gabriel/Documentos/cursos/fatec/qa/tdd-jokenpo/src/utils/checkOccurrence.ts","statementMap":{"0":{"start":{"line":2,"column":2},"end":{"line":2,"column":67}},"1":{"start":{"line":2,"column":39},"end":{"line":2,"column":58}},"2":{"start":{"line":1,"column":0},"end":{"line":1,"column":24}}},"fnMap":{"0":{"name":"checkOccurrence","decl":{"start":{"line":1,"column":24},"end":{"line":1,"column":39}},"loc":{"start":{"line":1,"column":69},"end":{"line":3,"column":1}}},"1":{"name":"(anonymous_1)","decl":{"start":{"line":2,"column":22},"end":{"line":2,"column":23}},"loc":{"start":{"line":2,"column":39},"end":{"line":2,"column":58}}}},"branchMap":{},"s":{"0":22,"1":56,"2":1},"f":{"0":22,"1":56},"b":{}}
}
