TN:
SF:src/index.ts
FNF:0
FNH:0
DA:1,0
DA:2,0
DA:4,0
DA:6,0
DA:7,0
DA:8,0
DA:9,0
DA:10,0
DA:11,0
DA:12,0
DA:14,0
DA:15,0
LF:12
LH:0
BRF:0
BRH:0
end_of_record
TN:
SF:src/jokenpo.ts
FN:3,jokenpo
FNF:1
FNH:1
FNDA:6,jokenpo
DA:1,1
DA:3,1
DA:4,6
DA:5,6
DA:7,6
DA:9,5
DA:11,3
DA:13,2
DA:15,1
LF:9
LH:9
BRDA:7,0,0,1
BRDA:7,1,0,6
BRDA:7,1,1,6
BRDA:9,2,0,2
BRDA:11,3,0,1
BRDA:11,4,0,3
BRDA:11,4,1,2
BRDA:13,5,0,1
BRDA:13,6,0,2
BRDA:13,6,1,1
BRDA:15,7,0,1
BRDA:15,8,0,1
BRDA:15,8,1,1
BRF:13
BRH:13
end_of_record
TN:
SF:src/utils/checkOccurrence.ts
FN:1,checkOccurrence
FN:2,(anonymous_1)
FNF:2
FNH:2
FNDA:22,checkOccurrence
FNDA:56,(anonymous_1)
DA:1,1
DA:2,56
LF:2
LH:2
BRF:0
BRH:0
end_of_record
